#
# There is insufficient memory for the Java Runtime Environment to continue.
# Native memory allocation (mmap) failed to map 534773760 bytes for Failed to commit area from 0x0000000602000000 to 0x0000000621e00000 of length 534773760.
# Possible reasons:
#   The system is out of physical RAM or swap space
#   The process is running with CompressedOops enabled, and the Java Heap may be blocking the growth of the native heap
# Possible solutions:
#   Reduce memory load on the system
#   Increase physical memory or swap space
#   Check if swap backing store is full
#   Decrease Java heap size (-Xmx/-Xms)
#   Decrease number of Java threads
#   Decrease Java thread stack sizes (-Xss)
#   Set larger code cache with -XX:ReservedCodeCacheSize=
# This output file may be truncated or incomplete.
#
#  Out of Memory Error (t:/workspace/open/src/hotspot/os/windows/os_windows.cpp:3254), pid=14980, tid=79772
#
# JRE version:  (12.0.1+12) (build )
# Java VM: Java HotSpot(TM) 64-Bit Server VM (12.0.1+12, mixed mode, aot, sharing, tiered, compressed oops, g1 gc, windows-amd64)
# No core dump will be written. Minidumps are not enabled by default on client versions of Windows
#

---------------  S U M M A R Y ------------

Command Line: -Dorg.jetbrains.run.directory=C:\Users\kevinogaga\gitHub\E2EBankingApplicationBDDTest\src\test\java\resources\feature\File4 -javaagent:C:\Program Files\JetBrains\IntelliJ IDEA Community Edition 2019.3.3\lib\idea_rt.jar=51581:C:\Program Files\JetBrains\IntelliJ IDEA Community Edition 2019.3.3\bin -Dfile.encoding=UTF-8 io.cucumber.core.cli.Main --plugin org.jetbrains.plugins.cucumber.java.run.CucumberJvm5SMFormatter --glue resources.StepDefinitions C:/Users/kevinogaga/gitHub/E2EBankingApplicationBDDTest/src/test/java/resources/feature/File4/OpanAnAccount.feature

Host: Intel(R) Core(TM) i5-8259U CPU @ 2.30GHz, 8 cores, 31G,  Windows 10 , 64 bit Build 19041 (10.0.19041.662)
Time: Sat Jan 30 12:37:05 2021 GMT Standard Time elapsed time: 0 seconds (0d 0h 0m 0s)

---------------  T H R E A D  ---------------

Current thread (0x0000021384792800):  JavaThread "Unknown thread" [_thread_in_vm, id=79772, stack(0x0000004665b00000,0x0000004665c00000)]

Stack: [0x0000004665b00000,0x0000004665c00000]
Native frames: (J=compiled Java code, j=interpreted, Vv=VM code, C=native code)
V  [jvm.dll+0x63948a]
V  [jvm.dll+0x78b31f]
V  [jvm.dll+0x78c9c1]
V  [jvm.dll+0x78d013]
V  [jvm.dll+0x262138]
V  [jvm.dll+0x63698a]
V  [jvm.dll+0x62b505]
V  [jvm.dll+0x31d9bc]
V  [jvm.dll+0x31d7ef]
V  [jvm.dll+0x323526]
V  [jvm.dll+0x370f76]
V  [jvm.dll+0x370750]
V  [jvm.dll+0x2f786a]
V  [jvm.dll+0x2f8af2]
V  [jvm.dll+0x7657b7]
V  [jvm.dll+0x766e95]
V  [jvm.dll+0x37f089]
V  [jvm.dll+0x749b14]
V  [jvm.dll+0x3ee48d]
V  [jvm.dll+0x3f03c1]
C  [jli.dll+0x51cf]
C  [ucrtbase.dll+0x214c2]
C  [KERNEL32.DLL+0x17034]
C  [ntdll.dll+0x4d0d1]


---------------  P R O C E S S  ---------------

Threads class SMR info:
_java_thread_list=0x00007ffabce248e8, length=0, elements={
}

Java Threads: ( => current thread )

Other Threads:
  0x0000021384816000 GCTaskThread "GC Thread#0" [stack: 0x0000004665c00000,0x0000004665d00000] [id=75772]
  0x000002138482f800 ConcurrentGCThread "G1 Main Marker" [stack: 0x0000004665d00000,0x0000004665e00000] [id=81464]
  0x0000021384832000 ConcurrentGCThread "G1 Conc#0" [stack: 0x0000004665e00000,0x0000004665f00000] [id=84684]

[error occurred during error reporting (printing all threads), id 0xc0000005, EXCEPTION_ACCESS_VIOLATION (0xc0000005) at pc=0x00007ffabc657a37]

VM state:not at safepoint (not fully initialized)

VM Mutex/Monitor currently owned by a thread:  ([mutex/lock_event])
[0x000002138478fbd0] Heap_lock - owner thread: 0x0000021384792800

Heap address: 0x0000000602000000, size: 8160 MB, Compressed Oops mode: Non-zero based: 0x0000000602000000
Narrow klass base: 0x0000000000000000, Narrow klass shift: 0

GC Heap History (0 events):
No events

Deoptimization events (0 events):
No events

Classes redefined (0 events):
No events

Internal exceptions (0 events):
No events

Events (0 events):
No events


Dynamic libraries:
0x00007ff78c760000 - 0x00007ff78c76f000 	C:\Program Files\Java\jdk\bin\java.exe
0x00007ffb2a230000 - 0x00007ffb2a426000 	C:\WINDOWS\SYSTEM32\ntdll.dll
0x00007ffb29ae0000 - 0x00007ffb29b9d000 	C:\WINDOWS\System32\KERNEL32.DLL
0x00007ffb27be0000 - 0x00007ffb27ea9000 	C:\WINDOWS\System32\KERNELBASE.dll
0x00007ffb27970000 - 0x00007ffb27a70000 	C:\WINDOWS\System32\ucrtbase.dll
0x00007ffb1c390000 - 0x00007ffb1c3a8000 	C:\Program Files\Java\jdk\bin\jli.dll
0x00007ffb299a0000 - 0x00007ffb29a4c000 	C:\WINDOWS\System32\ADVAPI32.dll
0x00007ffb2a150000 - 0x00007ffb2a1ee000 	C:\WINDOWS\System32\msvcrt.dll
0x00007ffb28480000 - 0x00007ffb2851c000 	C:\WINDOWS\System32\sechost.dll
0x00007ffb28f20000 - 0x00007ffb2904b000 	C:\WINDOWS\System32\RPCRT4.dll
0x00007ffb12710000 - 0x00007ffb12726000 	C:\Program Files\Java\jdk\bin\VCRUNTIME140.dll
0x00007ffb29730000 - 0x00007ffb298d0000 	C:\WINDOWS\System32\USER32.dll
0x00007ffb27a70000 - 0x00007ffb27a92000 	C:\WINDOWS\System32\win32u.dll
0x00007ffb28ee0000 - 0x00007ffb28f0a000 	C:\WINDOWS\System32\GDI32.dll
0x00007ffb280e0000 - 0x00007ffb281eb000 	C:\WINDOWS\System32\gdi32full.dll
0x00007ffb281f0000 - 0x00007ffb2828d000 	C:\WINDOWS\System32\msvcp_win.dll
0x00007ffb02c80000 - 0x00007ffb02f1b000 	C:\WINDOWS\WinSxS\amd64_microsoft.windows.common-controls_6595b64144ccf1df_6.0.19041.746_none_ca02b4b61b8320a4\COMCTL32.dll
0x00007ffb1b1e0000 - 0x00007ffb1b1ea000 	C:\WINDOWS\SYSTEM32\VERSION.dll
0x00007ffb29070000 - 0x00007ffb290a0000 	C:\WINDOWS\System32\IMM32.DLL
0x00007ffafce10000 - 0x00007ffafceba000 	C:\Program Files\Java\jdk\bin\msvcp140.dll
0x00007ffabc350000 - 0x00007ffabcec4000 	C:\Program Files\Java\jdk\bin\server\jvm.dll
0x00007ffb28f10000 - 0x00007ffb28f18000 	C:\WINDOWS\System32\PSAPI.DLL
0x00007ffb075f0000 - 0x00007ffb075f9000 	C:\WINDOWS\SYSTEM32\WSOCK32.dll
0x00007ffb29930000 - 0x00007ffb2999b000 	C:\WINDOWS\System32\WS2_32.dll
0x00007ffb12780000 - 0x00007ffb127a7000 	C:\WINDOWS\SYSTEM32\WINMM.dll
0x00007ffb26280000 - 0x00007ffb26292000 	C:\WINDOWS\SYSTEM32\kernel.appcore.dll
0x00007ffafcdf0000 - 0x00007ffafce01000 	C:\Program Files\Java\jdk\bin\verify.dll
0x00007ffb22780000 - 0x00007ffb22964000 	C:\WINDOWS\SYSTEM32\DBGHELP.DLL
0x00007ffb12fb0000 - 0x00007ffb12fdc000 	C:\WINDOWS\SYSTEM32\dbgcore.DLL
0x00007ffb28060000 - 0x00007ffb280e0000 	C:\WINDOWS\System32\bcryptPrimitives.dll
0x00007ffafcdc0000 - 0x00007ffafcde6000 	C:\Program Files\Java\jdk\bin\java.dll
0x00007ffb1f840000 - 0x00007ffb1f84e000 	C:\Program Files\Java\jdk\bin\instrument.dll
0x00007ffafcda0000 - 0x00007ffafcdb7000 	C:\Program Files\Java\jdk\bin\zip.dll
0x00007ffb1c540000 - 0x00007ffb1c54a000 	C:\Program Files\Java\jdk\bin\jimage.dll

dbghelp: loaded successfully - version: 4.0.5 - missing functions: none
symbol engine: initialized successfully - sym options: 0x614 - pdb path: .;C:\Program Files\Java\jdk\bin;C:\WINDOWS\SYSTEM32;C:\WINDOWS\WinSxS\amd64_microsoft.windows.common-controls_6595b64144ccf1df_6.0.19041.746_none_ca02b4b61b8320a4;C:\Program Files\Java\jdk\bin\server

VM Arguments:
jvm_args: -Dorg.jetbrains.run.directory=C:\Users\kevinogaga\gitHub\E2EBankingApplicationBDDTest\src\test\java\resources\feature\File4 -javaagent:C:\Program Files\JetBrains\IntelliJ IDEA Community Edition 2019.3.3\lib\idea_rt.jar=51581:C:\Program Files\JetBrains\IntelliJ IDEA Community Edition 2019.3.3\bin -Dfile.encoding=UTF-8 
java_command: io.cucumber.core.cli.Main --plugin org.jetbrains.plugins.cucumber.java.run.CucumberJvm5SMFormatter --glue resources.StepDefinitions C:/Users/kevinogaga/gitHub/E2EBankingApplicationBDDTest/src/test/java/resources/feature/File4/OpanAnAccount.feature
java_class_path (initial): C:\Users\kevinogaga\gitHub\E2EBankingApplicationBDDTest\target\test-classes;C:\Users\kevinogaga\gitHub\E2EBankingApplicationBDDTest\target\classes;C:\Users\kevinogaga\.m2\repository\junit\junit\4.13.1\junit-4.13.1.jar;C:\Users\kevinogaga\.m2\repository\org\hamcrest\hamcrest-core\1.3\hamcrest-core-1.3.jar;C:\Users\kevinogaga\.m2\repository\org\seleniumhq\selenium\selenium-java\3.141.59\selenium-java-3.141.59.jar;C:\Users\kevinogaga\.m2\repository\org\seleniumhq\selenium\selenium-api\3.141.59\selenium-api-3.141.59.jar;C:\Users\kevinogaga\.m2\repository\org\seleniumhq\selenium\selenium-chrome-driver\3.141.59\selenium-chrome-driver-3.141.59.jar;C:\Users\kevinogaga\.m2\repository\org\seleniumhq\selenium\selenium-edge-driver\3.141.59\selenium-edge-driver-3.141.59.jar;C:\Users\kevinogaga\.m2\repository\org\seleniumhq\selenium\selenium-firefox-driver\3.141.59\selenium-firefox-driver-3.141.59.jar;C:\Users\kevinogaga\.m2\repository\org\seleniumhq\selenium\selenium-ie-driver\3.141.59\selenium-ie-driver-3.141.59.jar;C:\Users\kevinogaga\.m2\repository\org\seleniumhq\selenium\selenium-opera-driver\3.141.59\selenium-opera-driver-3.141.59.jar;C:\Users\kevinogaga\.m2\repository\org\seleniumhq\selenium\selenium-remote-driver\3.141.59\selenium-remote-driver-3.141.59.jar;C:\Users\kevinogaga\.m2\repository\org\seleniumhq\selenium\selenium-safari-driver\3.141.59\selenium-safari-driver-3.141.59.jar;C:\Users\kevinogaga\.m2\repository\org\seleniumhq\selenium\selenium-support\3.141.59\selenium-support-3.141.59.jar;C:\Users\kevinogaga\.m2\repository\net\bytebuddy\byte-buddy\1.8.15\byte-buddy-1.8.15.jar;C:\Users\kevinogaga\.m2\repository\org\apache\commons\commons-exec\1.3\commons-exec-1.3.jar;C:\Users\kevinogaga\.m2\repository\com\google\guava\guava\25.0-jre\guava-25.0-jre.jar;C:\Users\kevinogaga\.m2\repository\com\google\code\findbugs\jsr305\1.3.9\jsr305-1.3.9.jar;C:\Users\kevinogaga\.m2\repository\org\checkerframework\checker-compat-qual\2.0.0\checker-compat-qua
Launcher Type: SUN_STANDARD

[Global flags]
     intx CICompilerCount                          = 4                                         {product} {ergonomic}
     uint ConcGCThreads                            = 2                                         {product} {ergonomic}
     uint G1ConcRefinementThreads                  = 8                                         {product} {ergonomic}
   size_t G1HeapRegionSize                         = 2097152                                   {product} {ergonomic}
    uintx GCDrainStackTargetSize                   = 64                                        {product} {ergonomic}
   size_t InitialHeapSize                          = 534773760                                 {product} {ergonomic}
   size_t MarkStackSize                            = 4194304                                   {product} {ergonomic}
   size_t MaxHeapSize                              = 8556380160                                {product} {ergonomic}
   size_t MinHeapDeltaBytes                        = 2097152                                   {product} {ergonomic}
    uintx NonNMethodCodeHeapSize                   = 5836300                                {pd product} {ergonomic}
    uintx NonProfiledCodeHeapSize                  = 122910970                              {pd product} {ergonomic}
    uintx ProfiledCodeHeapSize                     = 122910970                              {pd product} {ergonomic}
    uintx ReservedCodeCacheSize                    = 251658240                              {pd product} {ergonomic}
     bool SegmentedCodeCache                       = true                                      {product} {ergonomic}
     bool UseCompressedClassPointers               = true                                 {lp64_product} {ergonomic}
     bool UseCompressedOops                        = true                                 {lp64_product} {ergonomic}
     bool UseG1GC                                  = true                                      {product} {ergonomic}
     bool UseLargePagesIndividualAllocation        = false                                  {pd product} {ergonomic}

Logging:
Log output configuration:
 #0: stdout all=warning uptime,level,tags
 #1: stderr all=off uptime,level,tags

Environment Variables:
JAVA_HOME=C:\Program Files\Java\jdk
PATH=C:\Program Files (x86)\Common Files\Oracle\Java\javapath;C:\WINDOWS\system32;C:\WINDOWS;C:\WINDOWS\System32\Wbem;C:\WINDOWS\System32\WindowsPowerShell\v1.0\;C:\WINDOWS\System32\OpenSSH\;C:\Program Files\Microsoft SQL Server\Client SDK\ODBC\130\Tools\Binn\;C:\Program Files (x86)\Microsoft SQL Server\140\Tools\Binn\;C:\Program Files\Microsoft SQL Server\140\Tools\Binn\;C:\Program Files\Microsoft SQL Server\140\DTS\Binn\;C:\Program Files (x86)\Microsoft SQL Server\150\DTS\Binn\;E:\WebDrivers;C:\Users\kevinogaga\AppData\Local\Programs\Python\Python37-32\Selenium\WebDrivers;C:\Program Files\Java\jdk\bin;C:\Users\kevinogaga\apache-maven-3.6.2\bin;C:\Program Files\SourceGear\Common\DiffMerge\;C:\Program Files\Git\cmd;C:\Program Files\MySQL\MySQL Shell 8.0\bin\;C:\Users\kevinogaga\AppData\Local\Microsoft\WindowsApps;C:\Users\kevinogaga\AppData\Local\atom\bin;C:\Users\kevinogaga\AppData\Local\Programs\Python\Python37-32;C:\Users\kevinogaga\AppData\Local\Programs\Python\Python37-32\Scripts;E:\Program Files\JetBrains\PyCharm Community Edition 2019.1.1\bin;;E:\WebDrivers;C:\Users\kevinogaga\AppData\Local\Programs\Python\Python37-32\Selenium\WebDrivers;;C:\Users\kevinogaga\AppData\Local\Programs\Microsoft VS Code\bin;C:\Users\kevinogaga\AppData\Local\Microsoft\WindowsApps;C:\Program Files\JetBrains\IntelliJ IDEA Community Edition 2019.3.3\bin;
USERNAME=kevinogaga
OS=Windows_NT
PROCESSOR_IDENTIFIER=Intel64 Family 6 Model 142 Stepping 10, GenuineIntel



---------------  S Y S T E M  ---------------

OS: Windows 10 , 64 bit Build 19041 (10.0.19041.662)

CPU:total 8 (initial active 8) (4 cores per cpu, 2 threads per core) family 6 model 142 stepping 10, cmov, cx8, fxsr, mmx, sse, sse2, sse3, ssse3, sse4.1, sse4.2, popcnt, avx, avx2, aes, clmul, erms, 3dnowpref, lzcnt, ht, tsc, tscinvbit, bmi1, bmi2, adx, fma

Memory: 4k page, system-wide physical 32636M (6179M free)
TotalPageFile size 62263M (AvailPageFile size 231M)
current process WorkingSet (physical memory assigned to process): 10M, peak: 10M
current process commit charge ("private bytes"): 61M, peak: 571M

vm_info: Java HotSpot(TM) 64-Bit Server VM (12.0.1+12) for windows-amd64 JRE (12.0.1+12), built on Apr  2 2019 14:02:19 by "mach5one" with MS VC++ 15.5 (VS2017)

END.
