21:52:13.108 [main] INFO  resources.StepDefinitions.OpenAnNewAccountSteps - Funds Transfer Received
21:52:13.725 [main] INFO  resources.StepDefinitions.OpenAnNewAccountSteps - Customer logs out successfully
21:52:15.587 [main] INFO  resources.StepDefinitions.OpenAnNewAccountSteps - Closing browser
21:52:20.008 [main] INFO  resources.base - Starting chrome browser
21:52:22.480 [main] INFO  resources.StepDefinitions.OpenAnNewAccountSteps - Browser started successfully
21:52:32.636 [main] INFO  resources.StepDefinitions.OpenAnNewAccountSteps - Navigating to url
21:52:35.473 [main] INFO  resources.StepDefinitions.OpenAnNewAccountSteps - Customer is logged in successfully
21:52:36.140 [main] INFO  resources.StepDefinitions.OpenAnNewAccountSteps - Validating open new account page
21:52:36.434 [main] INFO  resources.StepDefinitions.OpenAnNewAccountSteps - Selecting account information
21:52:38.027 [main] INFO  resources.StepDefinitions.OpenAnNewAccountSteps - Open new account
21:52:38.624 [main] INFO  resources.StepDefinitions.OpenAnNewAccountSteps - Congratulations, your account is now open.
21:52:38.655 [main] INFO  resources.StepDefinitions.OpenAnNewAccountSteps - Validating account confirmation message
21:52:39.536 [main] INFO  resources.StepDefinitions.OpenAnNewAccountSteps - Selecting account number
21:52:41.048 [main] INFO  resources.StepDefinitions.OpenAnNewAccountSteps - Validating account and transaction details
21:52:41.085 [main] INFO  resources.StepDefinitions.OpenAnNewAccountSteps - 
21:52:41.114 [main] ERROR resources.StepDefinitions.OpenAnNewAccountSteps - Test Failed
21:52:41.491 [main] ERROR resources.StepDefinitions.OpenAnNewAccountSteps - Took screenshot of failed test
21:52:41.728 [main] INFO  resources.StepDefinitions.OpenAnNewAccountSteps - Closing browser
21:52:46.839 [main] INFO  resources.base - Starting chrome browser
21:52:49.578 [main] INFO  resources.StepDefinitions.OpenAnNewAccountSteps - Browser started successfully
21:52:52.221 [main] INFO  resources.StepDefinitions.OpenAnNewAccountSteps - Navigating to url
21:52:53.415 [main] INFO  resources.StepDefinitions.OpenAnNewAccountSteps - Customer is logged in successfully
21:52:53.926 [main] INFO  resources.StepDefinitions.OpenAnNewAccountSteps - Validating open new account page
21:52:54.333 [main] INFO  resources.StepDefinitions.OpenAnNewAccountSteps - Selecting account information
21:52:55.907 [main] INFO  resources.StepDefinitions.OpenAnNewAccountSteps - Open new account
21:52:56.520 [main] INFO  resources.StepDefinitions.OpenAnNewAccountSteps - Congratulations, your account is now open.
21:52:56.549 [main] INFO  resources.StepDefinitions.OpenAnNewAccountSteps - Validating account confirmation message
21:52:57.115 [main] INFO  resources.StepDefinitions.OpenAnNewAccountSteps - Selecting account number
21:52:58.626 [main] INFO  resources.StepDefinitions.OpenAnNewAccountSteps - Validating account and transaction details
21:52:58.671 [main] INFO  resources.StepDefinitions.OpenAnNewAccountSteps - 16896
21:52:58.749 [main] INFO  resources.StepDefinitions.OpenAnNewAccountSteps - SAVINGS
21:52:58.865 [main] INFO  resources.StepDefinitions.OpenAnNewAccountSteps - $200.00 Balance : Available Balance $200.00
21:52:58.916 [main] INFO  resources.StepDefinitions.OpenAnNewAccountSteps - March
21:52:59.331 [main] INFO  resources.StepDefinitions.OpenAnNewAccountSteps - Funds Transfer Received
21:52:59.962 [main] INFO  resources.StepDefinitions.OpenAnNewAccountSteps - Customer logs out successfully
21:53:00.289 [main] INFO  resources.StepDefinitions.OpenAnNewAccountSteps - Closing browser
21:53:04.947 [main] INFO  resources.base - Starting chrome browser
21:53:20.675 [main] INFO  resources.base - Starting chrome browser
21:53:35.466 [main] INFO  resources.base - Starting chrome browser
21:53:51.656 [main] INFO  resources.base - Starting chrome browser
21:54:05.830 [main] INFO  resources.base - Starting chrome browser
21:54:21.092 [main] INFO  resources.base - Starting chrome browser
